# JRE version: OpenJDK Runtime Environment Corretto-11.0.18.10.1 (11.0.18+10) (build 11.0.18+10-LTS)
# Java VM: OpenJDK 64-Bit Server VM Corretto-11.0.18.10.1 (11.0.18+10-LTS, mixed mode, tiered, compressed oops, g1 gc, windows-amd64)
Heap:
 garbage-first heap   total 262144K, used 90679K [0x00000000e0000000, 0x0000000100000000)
  region size 1024K, 38 young (38912K), 16 survivors (16384K)
 Metaspace       used 75840K, capacity 78432K, committed 78672K, reserved 323584K
  class space    used 9497K, capacity 10455K, committed 10496K, reserved 253952K
GC Heap History (20 events):
Event: 7.153 GC heap before
{Heap before GC invocations=4 (full 0):
 garbage-first heap   total 262144K, used 41879K [0x00000000e0000000, 0x0000000100000000)
  region size 1024K, 31 young (31744K), 6 survivors (6144K)
 Metaspace       used 20799K, capacity 21240K, committed 21296K, reserved 274432K
  class space    used 2519K, capacity 2682K, committed 2688K, reserved 253952K
}
Event: 7.164 GC heap after
{Heap after GC invocations=5 (full 0):
 garbage-first heap   total 262144K, used 18145K [0x00000000e0000000, 0x0000000100000000)
  region size 1024K, 4 young (4096K), 4 survivors (4096K)
 Metaspace       used 20799K, capacity 21240K, committed 21296K, reserved 274432K
  class space    used 2519K, capacity 2682K, committed 2688K, reserved 253952K
}
Event: 8.686 GC heap before
{Heap before GC invocations=6 (full 0):
 garbage-first heap   total 262144K, used 79585K [0x00000000e0000000, 0x0000000100000000)
  region size 1024K, 64 young (65536K), 4 survivors (4096K)
 Metaspace       used 27398K, capacity 27998K, committed 28080K, reserved 278528K
  class space    used 3557K, capacity 3778K, committed 3840K, reserved 253952K
}
Event: 8.698 GC heap after
{Heap after GC invocations=7 (full 0):
 garbage-first heap   total 262144K, used 20189K [0x00000000e0000000, 0x0000000100000000)
  region size 1024K, 6 young (6144K), 6 survivors (6144K)
 Metaspace       used 27398K, capacity 27998K, committed 28080K, reserved 278528K
  class space    used 3557K, capacity 3778K, committed 3840K, reserved 253952K
}
Event: 10.411 GC heap before
{Heap before GC invocations=7 (full 0):
 garbage-first heap   total 262144K, used 83677K [0x00000000e0000000, 0x0000000100000000)
  region size 1024K, 69 young (70656K), 6 survivors (6144K)
 Metaspace       used 34951K, capacity 35790K, committed 35888K, reserved 286720K
  class space    used 4602K, capacity 4929K, committed 4992K, reserved 253952K
}
Event: 10.431 GC heap after
{Heap after GC invocations=8 (full 0):
 garbage-first heap   total 262144K, used 23158K [0x00000000e0000000, 0x0000000100000000)
  region size 1024K, 9 young (9216K), 9 survivors (9216K)
 Metaspace       used 34951K, capacity 35790K, committed 35888K, reserved 286720K
  class space    used 4602K, capacity 4929K, committed 4992K, reserved 253952K
}
Event: 13.444 GC heap before
{Heap before GC invocations=9 (full 0):
 garbage-first heap   total 262144K, used 123510K [0x00000000e0000000, 0x0000000100000000)
  region size 1024K, 104 young (106496K), 9 survivors (9216K)
 Metaspace       used 45572K, capacity 46638K, committed 46896K, reserved 294912K
  class space    used 5780K, capacity 6211K, committed 6272K, reserved 253952K
}
Event: 13.476 GC heap after
{Heap after GC invocations=10 (full 0):
 garbage-first heap   total 262144K, used 30145K [0x00000000e0000000, 0x0000000100000000)
  region size 1024K, 13 young (13312K), 13 survivors (13312K)
 Metaspace       used 45572K, capacity 46638K, committed 46896K, reserved 294912K
  class space    used 5780K, capacity 6211K, committed 6272K, reserved 253952K
}
Event: 16.738 GC heap before
{Heap before GC invocations=10 (full 0):
 garbage-first heap   total 262144K, used 157121K [0x00000000e0000000, 0x0000000100000000)
  region size 1024K, 137 young (140288K), 13 survivors (13312K)
 Metaspace       used 54193K, capacity 55826K, committed 55984K, reserved 303104K
  class space    used 7040K, capacity 7654K, committed 7680K, reserved 253952K
}
Event: 16.775 GC heap after
{Heap after GC invocations=11 (full 0):
 garbage-first heap   total 262144K, used 36949K [0x00000000e0000000, 0x0000000100000000)
  region size 1024K, 14 young (14336K), 14 survivors (14336K)
 Metaspace       used 54193K, capacity 55826K, committed 55984K, reserved 303104K
  class space    used 7040K, capacity 7654K, committed 7680K, reserved 253952K
}
Event: 18.264 GC heap before
{Heap before GC invocations=11 (full 0):
 garbage-first heap   total 262144K, used 99413K [0x00000000e0000000, 0x0000000100000000)
  region size 1024K, 76 young (77824K), 14 survivors (14336K)
 Metaspace       used 58218K, capacity 60147K, committed 60240K, reserved 307200K
  class space    used 7682K, capacity 8416K, committed 8448K, reserved 253952K
}
Event: 18.314 GC heap after
{Heap after GC invocations=12 (full 0):
 garbage-first heap   total 262144K, used 42880K [0x00000000e0000000, 0x0000000100000000)
  region size 1024K, 13 young (13312K), 13 survivors (13312K)
 Metaspace       used 58218K, capacity 60147K, committed 60240K, reserved 307200K
  class space    used 7682K, capacity 8416K, committed 8448K, reserved 253952K
}
Event: 21.095 GC heap before
{Heap before GC invocations=13 (full 0):
 garbage-first heap   total 262144K, used 176000K [0x00000000e0000000, 0x0000000100000000)
  region size 1024K, 144 young (147456K), 13 survivors (13312K)
 Metaspace       used 60931K, capacity 62977K, committed 63056K, reserved 309248K
  class space    used 7859K, capacity 8633K, committed 8704K, reserved 253952K
}
Event: 21.141 GC heap after
{Heap after GC invocations=14 (full 0):
 garbage-first heap   total 262144K, used 45863K [0x00000000e0000000, 0x0000000100000000)
  region size 1024K, 9 young (9216K), 9 survivors (9216K)
 Metaspace       used 60931K, capacity 62977K, committed 63056K, reserved 309248K
  class space    used 7859K, capacity 8633K, committed 8704K, reserved 253952K
}
Event: 28.210 GC heap before
{Heap before GC invocations=15 (full 0):
 garbage-first heap   total 262144K, used 186151K [0x00000000e0000000, 0x0000000100000000)
  region size 1024K, 145 young (148480K), 9 survivors (9216K)
 Metaspace       used 71658K, capacity 74076K, committed 74320K, reserved 319488K
  class space    used 9073K, capacity 9981K, committed 9984K, reserved 253952K
}
Event: 28.249 GC heap after
{Heap after GC invocations=16 (full 0):
 garbage-first heap   total 262144K, used 57639K [0x00000000e0000000, 0x0000000100000000)
  region size 1024K, 19 young (19456K), 19 survivors (19456K)
 Metaspace       used 71658K, capacity 74076K, committed 74320K, reserved 319488K
  class space    used 9073K, capacity 9981K, committed 9984K, reserved 253952K
}
Event: 31.743 GC heap before
{Heap before GC invocations=16 (full 0):
 garbage-first heap   total 262144K, used 203047K [0x00000000e0000000, 0x0000000100000000)
  region size 1024K, 152 young (155648K), 19 survivors (19456K)
 Metaspace       used 73655K, capacity 76225K, committed 76368K, reserved 321536K
  class space    used 9262K, capacity 10193K, committed 10240K, reserved 253952K
}
Event: 31.794 GC heap after
{Heap after GC invocations=17 (full 0):
 garbage-first heap   total 262144K, used 60544K [0x00000000e0000000, 0x0000000100000000)
  region size 1024K, 9 young (9216K), 9 survivors (9216K)
 Metaspace       used 73655K, capacity 76225K, committed 76368K, reserved 321536K
  class space    used 9262K, capacity 10193K, committed 10240K, reserved 253952K
}
Event: 37.534 GC heap before
{Heap before GC invocations=17 (full 0):
 garbage-first heap   total 262144K, used 200832K [0x00000000e0000000, 0x0000000100000000)
  region size 1024K, 144 young (147456K), 9 survivors (9216K)
 Metaspace       used 74797K, capacity 77216K, committed 77520K, reserved 321536K
  class space    used 9345K, capacity 10257K, committed 10368K, reserved 253952K
}
Event: 37.558 GC heap after
{Heap after GC invocations=18 (full 0):
 garbage-first heap   total 262144K, used 69175K [0x00000000e0000000, 0x0000000100000000)
  region size 1024K, 16 young (16384K), 16 survivors (16384K)
 Metaspace       used 74797K, capacity 77216K, committed 77520K, reserved 321536K
  class space    used 9345K, capacity 10257K, committed 10368K, reserved 253952K
}

