# JRE version: OpenJDK Runtime Environment Corretto-11.0.18.10.1 (11.0.18+10) (build 11.0.18+10-LTS)
# Java VM: OpenJDK 64-Bit Server VM Corretto-11.0.18.10.1 (11.0.18+10-LTS, mixed mode, tiered, compressed oops, g1 gc, windows-amd64)
Heap:
 garbage-first heap   total 131072K, used 24205K [0x00000000e0000000, 0x0000000100000000)
  region size 1024K, 17 young (17408K), 5 survivors (5120K)
 Metaspace       used 29361K, capacity 30396K, committed 30588K, reserved 1075200K
  class space    used 3451K, capacity 3849K, committed 3968K, reserved 1048576K
GC Heap History (12 events):
Event: 1.499 GC heap before
{Heap before GC invocations=0 (full 0):
 garbage-first heap   total 131072K, used 14336K [0x00000000e0000000, 0x0000000100000000)
  region size 1024K, 14 young (14336K), 0 survivors (0K)
 Metaspace       used 9644K, capacity 9866K, committed 10112K, reserved 1058816K
  class space    used 958K, capacity 1043K, committed 1152K, reserved 1048576K
}
Event: 1.507 GC heap after
{Heap after GC invocations=1 (full 0):
 garbage-first heap   total 131072K, used 8494K [0x00000000e0000000, 0x0000000100000000)
  region size 1024K, 2 young (2048K), 2 survivors (2048K)
 Metaspace       used 9644K, capacity 9866K, committed 10112K, reserved 1058816K
  class space    used 958K, capacity 1043K, committed 1152K, reserved 1048576K
}
Event: 2.035 GC heap before
{Heap before GC invocations=1 (full 0):
 garbage-first heap   total 131072K, used 12590K [0x00000000e0000000, 0x0000000100000000)
  region size 1024K, 6 young (6144K), 2 survivors (2048K)
 Metaspace       used 12074K, capacity 12309K, committed 12416K, reserved 1060864K
  class space    used 1239K, capacity 1346K, committed 1408K, reserved 1048576K
}
Event: 2.042 GC heap after
{Heap after GC invocations=2 (full 0):
 garbage-first heap   total 131072K, used 9276K [0x00000000e0000000, 0x0000000100000000)
  region size 1024K, 1 young (1024K), 1 survivors (1024K)
 Metaspace       used 12074K, capacity 12309K, committed 12416K, reserved 1060864K
  class space    used 1239K, capacity 1346K, committed 1408K, reserved 1048576K
}
Event: 2.713 GC heap before
{Heap before GC invocations=2 (full 0):
 garbage-first heap   total 131072K, used 27708K [0x00000000e0000000, 0x0000000100000000)
  region size 1024K, 19 young (19456K), 1 survivors (1024K)
 Metaspace       used 14969K, capacity 15414K, committed 15616K, reserved 1062912K
  class space    used 1621K, capacity 1774K, committed 1792K, reserved 1048576K
}
Event: 2.717 GC heap after
{Heap after GC invocations=3 (full 0):
 garbage-first heap   total 131072K, used 9965K [0x00000000e0000000, 0x0000000100000000)
  region size 1024K, 2 young (2048K), 2 survivors (2048K)
 Metaspace       used 14969K, capacity 15414K, committed 15616K, reserved 1062912K
  class space    used 1621K, capacity 1774K, committed 1792K, reserved 1048576K
}
Event: 3.684 GC heap before
{Heap before GC invocations=3 (full 0):
 garbage-first heap   total 131072K, used 38637K [0x00000000e0000000, 0x0000000100000000)
  region size 1024K, 30 young (30720K), 2 survivors (2048K)
 Metaspace       used 19156K, capacity 19841K, committed 20096K, reserved 1067008K
  class space    used 2145K, capacity 2384K, committed 2432K, reserved 1048576K
}
Event: 3.690 GC heap after
{Heap after GC invocations=4 (full 0):
 garbage-first heap   total 131072K, used 10870K [0x00000000e0000000, 0x0000000100000000)
  region size 1024K, 3 young (3072K), 3 survivors (3072K)
 Metaspace       used 19156K, capacity 19841K, committed 20096K, reserved 1067008K
  class space    used 2145K, capacity 2384K, committed 2432K, reserved 1048576K
}
Event: 3.934 GC heap before
{Heap before GC invocations=4 (full 0):
 garbage-first heap   total 131072K, used 17014K [0x00000000e0000000, 0x0000000100000000)
  region size 1024K, 10 young (10240K), 3 survivors (3072K)
 Metaspace       used 20556K, capacity 21234K, committed 21248K, reserved 1069056K
  class space    used 2295K, capacity 2551K, committed 2560K, reserved 1048576K
}
Event: 3.942 GC heap after
{Heap after GC invocations=5 (full 0):
 garbage-first heap   total 131072K, used 11249K [0x00000000e0000000, 0x0000000100000000)
  region size 1024K, 3 young (3072K), 3 survivors (3072K)
 Metaspace       used 20556K, capacity 21234K, committed 21248K, reserved 1069056K
  class space    used 2295K, capacity 2551K, committed 2560K, reserved 1048576K
}
Event: 5.390 GC heap before
{Heap before GC invocations=6 (full 0):
 garbage-first heap   total 131072K, used 59377K [0x00000000e0000000, 0x0000000100000000)
  region size 1024K, 50 young (51200K), 3 survivors (3072K)
 Metaspace       used 27477K, capacity 28466K, committed 28796K, reserved 1075200K
  class space    used 3217K, capacity 3611K, committed 3712K, reserved 1048576K
}
Event: 5.400 GC heap after
{Heap after GC invocations=7 (full 0):
 garbage-first heap   total 131072K, used 12941K [0x00000000e0000000, 0x0000000100000000)
  region size 1024K, 5 young (5120K), 5 survivors (5120K)
 Metaspace       used 27477K, capacity 28466K, committed 28796K, reserved 1075200K
  class space    used 3217K, capacity 3611K, committed 3712K, reserved 1048576K
}

